C51 COMPILER V9.54   IIC                                                                   08/27/2022 17:24:21 PAGE 1   


C51 COMPILER V9.54, COMPILATION OF MODULE IIC
OBJECT MODULE PLACED IN .\Objects\IIC.obj
COMPILER INVOKED BY: D:\keil\C51\BIN\C51.EXE IIC.c OPTIMIZE(8,SPEED) BROWSE DEBUG OBJECTEXTEND PRINT(.\Listings\IIC.lst)
                    - OBJECT(.\Objects\IIC.obj)

line level    source

   1          #include<IIC.h>
   2          #include<reg52.h>
   3          sbit IIC_SCL=P1^0;//SCL时钟线
   4          sbit IIC_SDA=P1^1;//SDA数据线
   5          
   6          //延时函数，ten_us=1时，大约延时10us
   7          void Delay_10us(unsigned int ten_us)
   8          {
   9   1          while(ten_us--);
  10   1      }
  11          
  12          //产生IIC起始信号
  13          void iic_start(void)
  14          {
  15   1          IIC_SDA=1; 
  16   1          Delay_10us(1);
  17   1          IIC_SCL=1;
  18   1          Delay_10us(1);
  19   1          IIC_SDA=0; 
  20   1          Delay_10us(1);
  21   1          IIC_SCL=0; 
  22   1          Delay_10us(1);
  23   1      }
  24          
  25          // 函数功能: 产生IIC停止信号   
  26          void iic_stop(void)
  27          {
  28   1          IIC_SDA=0; 
  29   1           Delay_10us(1);
  30   1          IIC_SCL=1;
  31   1          Delay_10us(1);
  32   1          IIC_SDA=1; 
  33   1           Delay_10us(1);
  34   1      }
  35          
  36          //函数功能: 产生ACK应答  
  37          void iic_ack(void)
  38          {
  39   1          IIC_SCL=0;
  40   1          IIC_SDA=0; //SDA为低电平
  41   1              Delay_10us(1);
  42   1          IIC_SCL=1;
  43   1          Delay_10us(1);
  44   1          IIC_SCL=0;
  45   1      }
  46          
  47          
  48          
  49          // 函数功能: 产生NACK非应答  
  50          void iic_nack(void)
  51          {
  52   1          IIC_SCL=0;
  53   1          IIC_SDA=1; //SDA为高电平
  54   1           Delay_10us(1);
C51 COMPILER V9.54   IIC                                                                   08/27/2022 17:24:21 PAGE 2   

  55   1          IIC_SCL=1;
  56   1          Delay_10us(1);
  57   1          IIC_SCL=0;
  58   1      }
  59          
  60          
  61          
  62          
  63          // 函数功能: 等待应答信号到来   
  64          u8 iic_wait_ack(void)
  65          {
  66   1          u8 time_temp=0;
  67   1      
  68   1          IIC_SCL=1;
  69   1          Delay_10us(1);
  70   1          while(IIC_SDA) 
  71   1          {
  72   2              time_temp++;
  73   2              if(time_temp>100) 
  74   2              {
  75   3                  iic_stop();
  76   3                  return 1;
  77   3              }
  78   2          }
  79   1          IIC_SCL=0;
  80   1          return 0;
  81   1      }
  82          //函数功能: IIC发送一个字节 
  83          // 输出: 1，接收应答失败，0，接收应答成功
  84          void iic_write_byte(u8 dat)
  85          {
  86   1          u8 i=0;
  87   1      
  88   1          IIC_SCL=0;
  89   1          for(i=0;i<8;i++) 
  90   1          {
  91   2              if((dat&0x80)>0)
  92   2                  IIC_SDA=1;
  93   2              else
  94   2                  IIC_SDA=0;
  95   2              dat<<=1;
  96   2              Delay_10us(1);
  97   2              IIC_SCL=1;
  98   2              Delay_10us(1);
  99   2              IIC_SCL=0;
 100   2              Delay_10us(1);
 101   2          }
 102   1      }
 103          
 104          
 105          
 106          //函数功能: IIC读一个字节 
 107          //输    入: ack=1时，发送ACK，ack=0，发送nACK 
 108          //输    出: 应答或非应答
 109          u8 iic_read_byte(u8 ack)
 110          {
 111   1          unsigned char i=0,receive=0;
 112   1      
 113   1          for(i=0;i<8;i++ )
 114   1          {
 115   2              IIC_SCL=0;
 116   2              Delay_10us(1);
C51 COMPILER V9.54   IIC                                                                   08/27/2022 17:24:21 PAGE 3   

 117   2              IIC_SCL=1;
 118   2              receive<<=1;
 119   2              if(IIC_SDA)receive++;
 120   2              Delay_10us(1);
 121   2          }
 122   1          if (!ack)
 123   1              iic_nack();
 124   1          else
 125   1              iic_ack();
 126   1      
 127   1          return receive;
 128   1      }
 129          
 130          
 131          


MODULE INFORMATION:   STATIC OVERLAYABLE
   CODE SIZE        =    184    ----
   CONSTANT SIZE    =   ----    ----
   XDATA SIZE       =   ----    ----
   PDATA SIZE       =   ----    ----
   DATA SIZE        =   ----    ----
   IDATA SIZE       =   ----    ----
   BIT SIZE         =   ----    ----
END OF MODULE INFORMATION.


C51 COMPILATION COMPLETE.  0 WARNING(S),  0 ERROR(S)
