C51 COMPILER V9.54   SEND                                                                  08/27/2022 17:24:21 PAGE 1   


C51 COMPILER V9.54, COMPILATION OF MODULE SEND
OBJECT MODULE PLACED IN .\Objects\send.obj
COMPILER INVOKED BY: D:\keil\C51\BIN\C51.EXE send.c OPTIMIZE(8,SPEED) BROWSE DEBUG OBJECTEXTEND PRINT(.\Listings\send.ls
                    -t) OBJECT(.\Objects\send.obj)

line level    source

   1          #include <REGX52.H>
   2          #include "iic.h"
   3          void send ()
   4          {
   5   1              char ui[]="Hello Robocon";
   6   1              char i=0;
   7   1              iic_start();
   8   1              iic_write_byte(0x10);
   9   1              iic_wait_ack();
  10   1              
  11   1              
  12   1              iic_write_byte(0x0A);
  13   1               iic_wait_ack();
  14   1              
  15   1              for (i=0;i<14;i++)
  16   1              {
  17   2              iic_write_byte(ui[i]);
  18   2               iic_wait_ack();
  19   2              }
  20   1              
  21   1              iic_stop();
  22   1      }
  23          


MODULE INFORMATION:   STATIC OVERLAYABLE
   CODE SIZE        =     71    ----
   CONSTANT SIZE    =     14    ----
   XDATA SIZE       =   ----    ----
   PDATA SIZE       =   ----    ----
   DATA SIZE        =   ----      15
   IDATA SIZE       =   ----    ----
   BIT SIZE         =   ----    ----
END OF MODULE INFORMATION.


C51 COMPILATION COMPLETE.  0 WARNING(S),  0 ERROR(S)
